c:\users\siban\source\repos\cis108_lab2\exercise2\debug\exercise2.pch.codeanalysis
c:\users\siban\source\repos\cis108_lab2\exercise2\debug\vc141.pdb
c:\users\siban\source\repos\cis108_lab2\exercise2\debug\vc141.idb
c:\users\siban\source\repos\cis108_lab2\exercise2\debug\exercise2.pch.codeanalysisast
c:\users\siban\source\repos\cis108_lab2\exercise2\debug\pch.nativecodeanalysis.xml
c:\users\siban\source\repos\cis108_lab2\exercise2\debug\pch.obj
c:\users\siban\source\repos\cis108_lab2\exercise2\debug\exercise2.nativecodeanalysis.xml
c:\users\siban\source\repos\cis108_lab2\exercise2\debug\exercise2.obj
c:\users\siban\source\repos\cis108_lab2\debug\exercise2.ilk
c:\users\siban\source\repos\cis108_lab2\debug\exercise2.exe
c:\users\siban\source\repos\cis108_lab2\debug\exercise2.pdb
c:\users\siban\source\repos\cis108_lab2\exercise2\debug\nativecodeanalysis.read.1.tlog
c:\users\siban\source\repos\cis108_lab2\exercise2\debug\vc.nativecodeanalysis.all.xml
c:\users\siban\source\repos\cis108_lab2\debug\exercise2.exe.lastcodeanalysissucceeded
c:\users\siban\source\repos\cis108_lab2\exercise2\debug\exercise2.tlog\cl.command.1.tlog
c:\users\siban\source\repos\cis108_lab2\exercise2\debug\exercise2.tlog\cl.read.1.tlog
c:\users\siban\source\repos\cis108_lab2\exercise2\debug\exercise2.tlog\cl.write.1.tlog
c:\users\siban\source\repos\cis108_lab2\exercise2\debug\exercise2.tlog\link.command.1.tlog
c:\users\siban\source\repos\cis108_lab2\exercise2\debug\exercise2.tlog\link.read.1.tlog
c:\users\siban\source\repos\cis108_lab2\exercise2\debug\exercise2.tlog\link.write.1.tlog
